<?xml version="1.0" encoding="UTF-8"?>
<testng-results ignored="0" total="7" passed="4" failed="3" skipped="0">
  <reporter-output>
  </reporter-output>
  <suite started-at="2018-08-24T20:19:59Z" name="Suite1" finished-at="2018-08-24T20:20:01Z" duration-ms="1214">
    <groups>
    </groups>
    <test started-at="2018-08-24T20:19:59Z" name="Nopackage" finished-at="2018-08-24T20:20:01Z" duration-ms="1214">
      <class name="com.testautomationguru.utility.PDFUtilTest">
        <test-method signature="checkForPDFPageCount()[pri:1, instance:com.testautomationguru.utility.PDFUtilTest@7126e26]" started-at="2018-08-24T13:19:59Z" name="checkForPDFPageCount" finished-at="2018-08-24T13:20:00Z" duration-ms="160" status="PASS">
          <reporter-output>
          </reporter-output>
        </test-method> <!-- checkForPDFPageCount -->
        <test-method signature="checkForFileContent()[pri:2, instance:com.testautomationguru.utility.PDFUtilTest@7126e26]" started-at="2018-08-24T13:20:00Z" name="checkForFileContent" finished-at="2018-08-24T13:20:00Z" duration-ms="693" status="PASS">
          <reporter-output>
          </reporter-output>
        </test-method> <!-- checkForFileContent -->
        <test-method signature="checkForFileContentUsingDiff()[pri:3, instance:com.testautomationguru.utility.PDFUtilTest@7126e26]" started-at="2018-08-24T13:20:00Z" name="checkForFileContentUsingDiff" finished-at="2018-08-24T13:20:01Z" duration-ms="305" status="FAIL">
          <exception class="java.lang.AssertionError">
            <message>
              <![CDATA[expected [Item Authoring Tool PDF Tables The PDF engine supports tables in all areas of a printed test (questions, responses, passages, answers, other tables, etc.). The supported functionality is as close to HTML tables as possible, but there are restrictions due to limitations in the PDF library that will be discussed below. Tables may be created within the WYSIWYG (what you see is what you get) editors in the application in �normal� mode, or as direct HTML (table, tr, and td tags) in the editors� �html� mode. (HTML tutorial: http://www.w3schools.com/html/html_tables.asp) When creating a table for PDF presentation, it should be kept in mind that the container area in the PDF document will likely be much smaller than that available in the HTML editor or in online testing. For example, the width of a question in two column format is limited to about 220 pixels. If possible, tables should be constructed with an iterative process of setting properties/attributes and PDF previewing to see the results. Adding/Editing a Table To add a table, click the icon on your WYSIWG editor. To view the Table Properties, right click inside one of the cells of your table. This will produce the Table Menu. Click the Edit Table option from the menu. � 2005. Vantage. All Rights Reserved. Table Properties To view/edit the Table Properties, click the Table tab. Table Tab Supported Table Properties/Attributes (PDF specific attributes take precedence) Property Attribute Values Description Name Name(s) Table Width width percentage Specifies the percentage of (ex. 50%) available space that the width of the table will occupy. For Default: 100% example, if we include a table in question content and specify a PDF Width of �50%�, that table will take up half of the width of the question area. Border Size border, pixels (ex. 120) Specifies the width of the borderwidth table/cell border in pixels. Default: 1 Horizontal align �left�, �center�, Specifies the horizontal alignment Alignment �right� of the table. Has no effect unless the table has a width less than Default: �center� 100% � 2005. Vantage. All Rights Reserved. PDF pdfalign �left�, �center�, Specifies the horizontal alignment Horizontal �right� of the table when printed to PDF. Alignment Has no effect unless the table has Default: �center� a width less than 100% Table cellpadding pixels (ex. 4) Specifies the padding in pixels Padding (left, right, top, and bottom) to be Default: 2 used in the cells of the table. Padding is the space between the border of a cell and its contents. Note: PDF tables have a minimum top padding of 3 and a minimum bottom padding of 4 for proper presentation. n/a pdfspacingbefore pixels (ex. 5) Specifies the space between the table and preceding elements Default: 2 (another table, text, etc). n/a pdfspacingafter pixels (ex. 5) Specifies the space between the table and trailing elements Default: 0 (another table, text, etc). Table Row Properties Clicking the Row tab of the Table Properties will allow you to view/edit the properties of the row. Row Tab � 2005. Vantage. All Rights Reserved. Supported Row Properties/Attributes (PDF specific attributes take precedence) Property Attribute Values Description Name Name(s) Vertical valign �top�, �middle�, Specifies the vertical alignment of Alignment �bottom� content for cells within the row. Default: �middle� Horizontal align, �top�, �middle�, Specifies the horizontal alignment Alignment alignment, �bottom� of content for cells within the halign row. Default: �left� Table Cell Properties Clicking the Cell tab of the Table Properties interface will allow you to view/edit the properties of the cell. Cell Tab � 2005. Vantage. All Rights Reserved. Supported Cell Properties/Attributes (PDF specific attributes take precedence) Property Attribute Values Description Name Name(s) colspan integer (ex. 2) Specifies the column span of the cell. This is the number of columns that the cell will represent. For example, in a table with three columns, you might specify that the first cell of the first row spans all three columns (colspan=3). This will result in a �header� cell/row that will cover the entire width of the table. Cell Width width percentage Specifies the desired width of the (ex. 50%) cell as a percentage of overall table width. For example, a cell with width = 50% will encompass half the available horizontal space in a table. If more than one cell in a column is given a width setting, the maximum value will be used as all cells in a column must be the same width. Cells without specified widths will share equally the remaining available horizontal space of the table. If combined cell widths total more than 100 percent, all cells will be downsized proportionally so that their total widths equal 100 percent. Note that unlike HTML tables, a PDF table cell�s width will not be sized by default to contain its contents. It�s up to the user to size cells/columns appropriately. PDF Cell pdfcellwidth percentage See Cell Width. Width (ex. 50%) � 2005. Vantage. All Rights Reserved. Cell Height height pixels (ex. 120) Specifies the desired minimum height of the cell in pixels. All cells in the row will share this height. If more than one height of a cell in a row is set, the maximum value will be used. If no heights are specified, the cell will be sized to fit its contents. PDF Cell pdfcellheight pixels (ex. 120) See Cell Height Height n/a cellpadding pixels (ex. 2) Specifies the padding in pixels (left, right, top, and bottom) to be Default: 2 used in this cell. Padding is the space between the border of a cell and its contents. Note: PDF tables have a minimum top padding of 3 and a minimum bottom padding of 4 for proper presentation. n/a pdfcellpadding pixels (ex. 2) See cellpadding. Default: 2 n/a border, pixels (ex. 1) Specifies the width of the cell borderwidth border in pixels. Default: 1 Vertical valign �top�, �middle�, Specifies the vertical alignment of Alignment �bottom� content within this cell. Default: �middle� Horizontal align, alignment, �top�, �middle�, Specifies the horizontal alignment Alignment halign �bottom� of content within this cell. Default: �left� � 2005. Vantage. All Rights Reserved. Recent changes pertaining to tables: 1. In the previous engine, there was no support for table formatting at all. Cell widths were distributed evenly, tables were all 100% width, and there were no settings. In this version, all of the options discussed above have been added. Known issues: 1. There is currently very limited support for absolute (pixel) widths for the overall table and the cells. This is generally because the pdf engine does not know the final width of the container of a table (especially in the case of nested tables) until the document is rendered. 2. Cells widths are not automatically sized according to the minimum width of their contents. 3. Images are not sized automatically to the constraints of a cell. 4. There is no support for cell spacing. � 2005. Vantage. All Rights Reserved.] but found [Item Authoring Tool PDF Tables The PDF engine supports tables in all areas of a printed test (questions, responses, passages, answers, other tables, etc.). The supported functionality is as close to HTML tables as possible, but there are restrictions due to limitations in the PDF library that will be discussed below. Tables may be created within the WYSIWYG (what you see is what you get) editors in the application in “normal” mode, or as direct HTML (table, tr, and td tags) in the editors’ “html” mode. (HTML tutorial: http://www.w3schools.com/html/html_tables.asp) When creating a table for PDF presentation, it should be kept in mind that the container area in the PDF document will likely be much smaller than that available in the HTML editor or in online testing. For example, the width of a question in two column format is limited to about 220 pixels. If possible, tables should be constructed with an iterative process of setting properties/attributes and PDF previewing to see the results. Adding/Editing a Table To add a table, click the icon on your WYSIWG editor. To view the Table Properties, right click inside one of the cells of your table. This will produce the Table Menu. Click the Edit Table option from the menu. © 2005. Vantage. All Rights Reserved. Table Properties To view/edit the Table Properties, click the Table tab. Table Tab Supported Table Properties/Attributes (PDF specific attributes take precedence) Property Attribute Values Description Name Name(s) Table Width width percentage Specifies the percentage of (ex. 50%) available space that the width of the table will occupy. For Default: 100% example, if we include a table in question content and specify a PDF Width of “50%”, that table will take up half of the width of the question area. Border Size border, pixels (ex. 120) Specifies the width of the borderwidth table/cell border in pixels. Default: 1 Horizontal align “left”, “center”, Specifies the horizontal alignment Alignment “right” of the table. Has no effect unless the table has a width less than Default: “center” 100% © 2005. Vantage. All Rights Reserved. PDF pdfalign “left”, “center”, Specifies the horizontal alignment Horizontal “right” of the table when printed to PDF. Alignment Has no effect unless the table has Default: “center” a width less than 100% Table cellpadding pixels (ex. 4) Specifies the padding in pixels Padding (left, right, top, and bottom) to be Default: 2 used in the cells of the table. Padding is the space between the border of a cell and its contents. Note: PDF tables have a minimum top padding of 3 and a minimum bottom padding of 4 for proper presentation. n/a pdfspacingbefore pixels (ex. 5) Specifies the space between the table and preceding elements Default: 2 (another table, text, etc). n/a pdfspacingafter pixels (ex. 5) Specifies the space between the table and trailing elements Default: 0 (another table, text, etc). Table Row Properties Clicking the Row tab of the Table Properties will allow you to view/edit the properties of the row. Row Tab © 2005. Vantage. All Rights Reserved. Supported Row Properties/Attributes (PDF specific attributes take precedence) Property Attribute Values Description Name Name(s) Vertical valign “top”, “middle”, Specifies the vertical alignment of Alignment “bottom” content for cells within the row. Default: “middle” Horizontal align, “top”, “middle”, Specifies the horizontal alignment Alignment alignment, “bottom” of content for cells within the halign row. Default: “left” Table Cell Properties Clicking the Cell tab of the Table Properties interface will allow you to view/edit the properties of the cell. Cell Tab © 2005. Vantage. All Rights Reserved. Supported Cell Properties/Attributes (PDF specific attributes take precedence) Property Attribute Values Description Name Name(s) colspan integer (ex. 2) Specifies the column span of the cell. This is the number of columns that the cell will represent. For example, in a table with three columns, you might specify that the first cell of the first row spans all three columns (colspan=3). This will result in a “header” cell/row that will cover the entire width of the table. Cell Width width percentage Specifies the desired width of the (ex. 50%) cell as a percentage of overall table width. For example, a cell with width = 50% will encompass half the available horizontal space in a table. If more than one cell in a column is given a width setting, the maximum value will be used as all cells in a column must be the same width. Cells without specified widths will share equally the remaining available horizontal space of the table. If combined cell widths total more than 100 percent, all cells will be downsized proportionally so that their total widths equal 100 percent. Note that unlike HTML tables, a PDF table cell’s width will not be sized by default to contain its contents. It’s up to the user to size cells/columns appropriately. PDF Cell pdfcellwidth percentage See Cell Width. Width (ex. 50%) © 2005. Vantage. All Rights Reserved. Cell Height height pixels (ex. 120) Specifies the desired minimum height of the cell in pixels. All cells in the row will share this height. If more than one height of a cell in a row is set, the maximum value will be used. If no heights are specified, the cell will be sized to fit its contents. PDF Cell pdfcellheight pixels (ex. 120) See Cell Height Height n/a cellpadding pixels (ex. 2) Specifies the padding in pixels (left, right, top, and bottom) to be Default: 2 used in this cell. Padding is the space between the border of a cell and its contents. Note: PDF tables have a minimum top padding of 3 and a minimum bottom padding of 4 for proper presentation. n/a pdfcellpadding pixels (ex. 2) See cellpadding. Default: 2 n/a border, pixels (ex. 1) Specifies the width of the cell borderwidth border in pixels. Default: 1 Vertical valign “top”, “middle”, Specifies the vertical alignment of Alignment “bottom” content within this cell. Default: “middle” Horizontal align, alignment, “top”, “middle”, Specifies the horizontal alignment Alignment halign “bottom” of content within this cell. Default: “left” © 2005. Vantage. All Rights Reserved. Recent changes pertaining to tables: 1. In the previous engine, there was no support for table formatting at all. Cell widths were distributed evenly, tables were all 100% width, and there were no settings. In this version, all of the options discussed above have been added. Known issues: 1. There is currently very limited support for absolute (pixel) widths for the overall table and the cells. This is generally because the pdf engine does not know the final width of the container of a table (especially in the case of nested tables) until the document is rendered. 2. Cells widths are not automatically sized according to the minimum width of their contents. 3. Images are not sized automatically to the constraints of a cell. 4. There is no support for cell spacing. © 2005. Vantage. All Rights Reserved.]]]>
            </message>
            <full-stacktrace>
              <![CDATA[java.lang.AssertionError: expected [Item Authoring Tool PDF Tables The PDF engine supports tables in all areas of a printed test (questions, responses, passages, answers, other tables, etc.). The supported functionality is as close to HTML tables as possible, but there are restrictions due to limitations in the PDF library that will be discussed below. Tables may be created within the WYSIWYG (what you see is what you get) editors in the application in �normal� mode, or as direct HTML (table, tr, and td tags) in the editors� �html� mode. (HTML tutorial: http://www.w3schools.com/html/html_tables.asp) When creating a table for PDF presentation, it should be kept in mind that the container area in the PDF document will likely be much smaller than that available in the HTML editor or in online testing. For example, the width of a question in two column format is limited to about 220 pixels. If possible, tables should be constructed with an iterative process of setting properties/attributes and PDF previewing to see the results. Adding/Editing a Table To add a table, click the icon on your WYSIWG editor. To view the Table Properties, right click inside one of the cells of your table. This will produce the Table Menu. Click the Edit Table option from the menu. � 2005. Vantage. All Rights Reserved. Table Properties To view/edit the Table Properties, click the Table tab. Table Tab Supported Table Properties/Attributes (PDF specific attributes take precedence) Property Attribute Values Description Name Name(s) Table Width width percentage Specifies the percentage of (ex. 50%) available space that the width of the table will occupy. For Default: 100% example, if we include a table in question content and specify a PDF Width of �50%�, that table will take up half of the width of the question area. Border Size border, pixels (ex. 120) Specifies the width of the borderwidth table/cell border in pixels. Default: 1 Horizontal align �left�, �center�, Specifies the horizontal alignment Alignment �right� of the table. Has no effect unless the table has a width less than Default: �center� 100% � 2005. Vantage. All Rights Reserved. PDF pdfalign �left�, �center�, Specifies the horizontal alignment Horizontal �right� of the table when printed to PDF. Alignment Has no effect unless the table has Default: �center� a width less than 100% Table cellpadding pixels (ex. 4) Specifies the padding in pixels Padding (left, right, top, and bottom) to be Default: 2 used in the cells of the table. Padding is the space between the border of a cell and its contents. Note: PDF tables have a minimum top padding of 3 and a minimum bottom padding of 4 for proper presentation. n/a pdfspacingbefore pixels (ex. 5) Specifies the space between the table and preceding elements Default: 2 (another table, text, etc). n/a pdfspacingafter pixels (ex. 5) Specifies the space between the table and trailing elements Default: 0 (another table, text, etc). Table Row Properties Clicking the Row tab of the Table Properties will allow you to view/edit the properties of the row. Row Tab � 2005. Vantage. All Rights Reserved. Supported Row Properties/Attributes (PDF specific attributes take precedence) Property Attribute Values Description Name Name(s) Vertical valign �top�, �middle�, Specifies the vertical alignment of Alignment �bottom� content for cells within the row. Default: �middle� Horizontal align, �top�, �middle�, Specifies the horizontal alignment Alignment alignment, �bottom� of content for cells within the halign row. Default: �left� Table Cell Properties Clicking the Cell tab of the Table Properties interface will allow you to view/edit the properties of the cell. Cell Tab � 2005. Vantage. All Rights Reserved. Supported Cell Properties/Attributes (PDF specific attributes take precedence) Property Attribute Values Description Name Name(s) colspan integer (ex. 2) Specifies the column span of the cell. This is the number of columns that the cell will represent. For example, in a table with three columns, you might specify that the first cell of the first row spans all three columns (colspan=3). This will result in a �header� cell/row that will cover the entire width of the table. Cell Width width percentage Specifies the desired width of the (ex. 50%) cell as a percentage of overall table width. For example, a cell with width = 50% will encompass half the available horizontal space in a table. If more than one cell in a column is given a width setting, the maximum value will be used as all cells in a column must be the same width. Cells without specified widths will share equally the remaining available horizontal space of the table. If combined cell widths total more than 100 percent, all cells will be downsized proportionally so that their total widths equal 100 percent. Note that unlike HTML tables, a PDF table cell�s width will not be sized by default to contain its contents. It�s up to the user to size cells/columns appropriately. PDF Cell pdfcellwidth percentage See Cell Width. Width (ex. 50%) � 2005. Vantage. All Rights Reserved. Cell Height height pixels (ex. 120) Specifies the desired minimum height of the cell in pixels. All cells in the row will share this height. If more than one height of a cell in a row is set, the maximum value will be used. If no heights are specified, the cell will be sized to fit its contents. PDF Cell pdfcellheight pixels (ex. 120) See Cell Height Height n/a cellpadding pixels (ex. 2) Specifies the padding in pixels (left, right, top, and bottom) to be Default: 2 used in this cell. Padding is the space between the border of a cell and its contents. Note: PDF tables have a minimum top padding of 3 and a minimum bottom padding of 4 for proper presentation. n/a pdfcellpadding pixels (ex. 2) See cellpadding. Default: 2 n/a border, pixels (ex. 1) Specifies the width of the cell borderwidth border in pixels. Default: 1 Vertical valign �top�, �middle�, Specifies the vertical alignment of Alignment �bottom� content within this cell. Default: �middle� Horizontal align, alignment, �top�, �middle�, Specifies the horizontal alignment Alignment halign �bottom� of content within this cell. Default: �left� � 2005. Vantage. All Rights Reserved. Recent changes pertaining to tables: 1. In the previous engine, there was no support for table formatting at all. Cell widths were distributed evenly, tables were all 100% width, and there were no settings. In this version, all of the options discussed above have been added. Known issues: 1. There is currently very limited support for absolute (pixel) widths for the overall table and the cells. This is generally because the pdf engine does not know the final width of the container of a table (especially in the case of nested tables) until the document is rendered. 2. Cells widths are not automatically sized according to the minimum width of their contents. 3. Images are not sized automatically to the constraints of a cell. 4. There is no support for cell spacing. � 2005. Vantage. All Rights Reserved.] but found [Item Authoring Tool PDF Tables The PDF engine supports tables in all areas of a printed test (questions, responses, passages, answers, other tables, etc.). The supported functionality is as close to HTML tables as possible, but there are restrictions due to limitations in the PDF library that will be discussed below. Tables may be created within the WYSIWYG (what you see is what you get) editors in the application in “normal” mode, or as direct HTML (table, tr, and td tags) in the editors’ “html” mode. (HTML tutorial: http://www.w3schools.com/html/html_tables.asp) When creating a table for PDF presentation, it should be kept in mind that the container area in the PDF document will likely be much smaller than that available in the HTML editor or in online testing. For example, the width of a question in two column format is limited to about 220 pixels. If possible, tables should be constructed with an iterative process of setting properties/attributes and PDF previewing to see the results. Adding/Editing a Table To add a table, click the icon on your WYSIWG editor. To view the Table Properties, right click inside one of the cells of your table. This will produce the Table Menu. Click the Edit Table option from the menu. © 2005. Vantage. All Rights Reserved. Table Properties To view/edit the Table Properties, click the Table tab. Table Tab Supported Table Properties/Attributes (PDF specific attributes take precedence) Property Attribute Values Description Name Name(s) Table Width width percentage Specifies the percentage of (ex. 50%) available space that the width of the table will occupy. For Default: 100% example, if we include a table in question content and specify a PDF Width of “50%”, that table will take up half of the width of the question area. Border Size border, pixels (ex. 120) Specifies the width of the borderwidth table/cell border in pixels. Default: 1 Horizontal align “left”, “center”, Specifies the horizontal alignment Alignment “right” of the table. Has no effect unless the table has a width less than Default: “center” 100% © 2005. Vantage. All Rights Reserved. PDF pdfalign “left”, “center”, Specifies the horizontal alignment Horizontal “right” of the table when printed to PDF. Alignment Has no effect unless the table has Default: “center” a width less than 100% Table cellpadding pixels (ex. 4) Specifies the padding in pixels Padding (left, right, top, and bottom) to be Default: 2 used in the cells of the table. Padding is the space between the border of a cell and its contents. Note: PDF tables have a minimum top padding of 3 and a minimum bottom padding of 4 for proper presentation. n/a pdfspacingbefore pixels (ex. 5) Specifies the space between the table and preceding elements Default: 2 (another table, text, etc). n/a pdfspacingafter pixels (ex. 5) Specifies the space between the table and trailing elements Default: 0 (another table, text, etc). Table Row Properties Clicking the Row tab of the Table Properties will allow you to view/edit the properties of the row. Row Tab © 2005. Vantage. All Rights Reserved. Supported Row Properties/Attributes (PDF specific attributes take precedence) Property Attribute Values Description Name Name(s) Vertical valign “top”, “middle”, Specifies the vertical alignment of Alignment “bottom” content for cells within the row. Default: “middle” Horizontal align, “top”, “middle”, Specifies the horizontal alignment Alignment alignment, “bottom” of content for cells within the halign row. Default: “left” Table Cell Properties Clicking the Cell tab of the Table Properties interface will allow you to view/edit the properties of the cell. Cell Tab © 2005. Vantage. All Rights Reserved. Supported Cell Properties/Attributes (PDF specific attributes take precedence) Property Attribute Values Description Name Name(s) colspan integer (ex. 2) Specifies the column span of the cell. This is the number of columns that the cell will represent. For example, in a table with three columns, you might specify that the first cell of the first row spans all three columns (colspan=3). This will result in a “header” cell/row that will cover the entire width of the table. Cell Width width percentage Specifies the desired width of the (ex. 50%) cell as a percentage of overall table width. For example, a cell with width = 50% will encompass half the available horizontal space in a table. If more than one cell in a column is given a width setting, the maximum value will be used as all cells in a column must be the same width. Cells without specified widths will share equally the remaining available horizontal space of the table. If combined cell widths total more than 100 percent, all cells will be downsized proportionally so that their total widths equal 100 percent. Note that unlike HTML tables, a PDF table cell’s width will not be sized by default to contain its contents. It’s up to the user to size cells/columns appropriately. PDF Cell pdfcellwidth percentage See Cell Width. Width (ex. 50%) © 2005. Vantage. All Rights Reserved. Cell Height height pixels (ex. 120) Specifies the desired minimum height of the cell in pixels. All cells in the row will share this height. If more than one height of a cell in a row is set, the maximum value will be used. If no heights are specified, the cell will be sized to fit its contents. PDF Cell pdfcellheight pixels (ex. 120) See Cell Height Height n/a cellpadding pixels (ex. 2) Specifies the padding in pixels (left, right, top, and bottom) to be Default: 2 used in this cell. Padding is the space between the border of a cell and its contents. Note: PDF tables have a minimum top padding of 3 and a minimum bottom padding of 4 for proper presentation. n/a pdfcellpadding pixels (ex. 2) See cellpadding. Default: 2 n/a border, pixels (ex. 1) Specifies the width of the cell borderwidth border in pixels. Default: 1 Vertical valign “top”, “middle”, Specifies the vertical alignment of Alignment “bottom” content within this cell. Default: “middle” Horizontal align, alignment, “top”, “middle”, Specifies the horizontal alignment Alignment halign “bottom” of content within this cell. Default: “left” © 2005. Vantage. All Rights Reserved. Recent changes pertaining to tables: 1. In the previous engine, there was no support for table formatting at all. Cell widths were distributed evenly, tables were all 100% width, and there were no settings. In this version, all of the options discussed above have been added. Known issues: 1. There is currently very limited support for absolute (pixel) widths for the overall table and the cells. This is generally because the pdf engine does not know the final width of the container of a table (especially in the case of nested tables) until the document is rendered. 2. Cells widths are not automatically sized according to the minimum width of their contents. 3. Images are not sized automatically to the constraints of a cell. 4. There is no support for cell spacing. © 2005. Vantage. All Rights Reserved.]
	at org.testng.Assert.fail(Assert.java:94)
	at org.testng.Assert.failNotEquals(Assert.java:513)
	at org.testng.Assert.assertEqualsImpl(Assert.java:135)
	at org.testng.Assert.assertEquals(Assert.java:116)
	at org.testng.Assert.assertEquals(Assert.java:190)
	at org.testng.Assert.assertEquals(Assert.java:200)
	at com.testautomationguru.utility.PDFUtilTest.checkForFileContentUsingDiff(PDFUtilTest.java:44)
	at java.base/jdk.internal.reflect.NativeMethodAccessorImpl.invoke0(Native Method)
	at java.base/jdk.internal.reflect.NativeMethodAccessorImpl.invoke(NativeMethodAccessorImpl.java:62)
	at java.base/jdk.internal.reflect.DelegatingMethodAccessorImpl.invoke(DelegatingMethodAccessorImpl.java:43)
	at java.base/java.lang.reflect.Method.invoke(Method.java:564)
	at org.testng.internal.MethodInvocationHelper.invokeMethod(MethodInvocationHelper.java:104)
	at org.testng.internal.Invoker.invokeMethod(Invoker.java:645)
	at org.testng.internal.Invoker.invokeTestMethod(Invoker.java:851)
	at org.testng.internal.Invoker.invokeTestMethods(Invoker.java:1177)
	at org.testng.internal.TestMethodWorker.invokeTestMethods(TestMethodWorker.java:129)
	at org.testng.internal.TestMethodWorker.run(TestMethodWorker.java:112)
	at org.testng.TestRunner.privateRun(TestRunner.java:756)
	at org.testng.TestRunner.run(TestRunner.java:610)
	at org.testng.SuiteRunner.runTest(SuiteRunner.java:387)
	at org.testng.SuiteRunner.runSequentially(SuiteRunner.java:382)
	at org.testng.SuiteRunner.privateRun(SuiteRunner.java:340)
	at org.testng.SuiteRunner.run(SuiteRunner.java:289)
	at org.testng.SuiteRunnerWorker.runSuite(SuiteRunnerWorker.java:52)
	at org.testng.SuiteRunnerWorker.run(SuiteRunnerWorker.java:86)
	at org.testng.TestNG.runSuitesSequentially(TestNG.java:1293)
	at org.testng.TestNG.runSuitesLocally(TestNG.java:1218)
	at org.testng.TestNG.runSuites(TestNG.java:1133)
	at org.testng.TestNG.run(TestNG.java:1104)
	at org.apache.maven.surefire.testng.TestNGExecutor.run(TestNGExecutor.java:295)
	at org.apache.maven.surefire.testng.TestNGXmlTestSuite.execute(TestNGXmlTestSuite.java:84)
	at org.apache.maven.surefire.testng.TestNGProvider.invoke(TestNGProvider.java:90)
	at java.base/jdk.internal.reflect.NativeMethodAccessorImpl.invoke0(Native Method)
	at java.base/jdk.internal.reflect.NativeMethodAccessorImpl.invoke(NativeMethodAccessorImpl.java:62)
	at java.base/jdk.internal.reflect.DelegatingMethodAccessorImpl.invoke(DelegatingMethodAccessorImpl.java:43)
	at java.base/java.lang.reflect.Method.invoke(Method.java:564)
	at org.apache.maven.surefire.util.ReflectionUtils.invokeMethodWithArray2(ReflectionUtils.java:208)
	at org.apache.maven.surefire.booter.ProviderFactory$ProviderProxy.invoke(ProviderFactory.java:155)
	at org.apache.maven.surefire.booter.ProviderFactory.invokeProvider(ProviderFactory.java:81)
	at org.apache.maven.plugin.surefire.InPluginVMSurefireStarter.runSuitesInProcess(InPluginVMSurefireStarter.java:82)
	at org.apache.maven.plugin.surefire.AbstractSurefireMojo.executeProvider(AbstractSurefireMojo.java:974)
	at org.apache.maven.plugin.surefire.AbstractSurefireMojo.executeAfterPreconditionsChecked(AbstractSurefireMojo.java:824)
	at org.apache.maven.plugin.surefire.AbstractSurefireMojo.execute(AbstractSurefireMojo.java:722)
	at org.apache.maven.plugin.DefaultBuildPluginManager.executeMojo(DefaultBuildPluginManager.java:134)
	at org.apache.maven.lifecycle.internal.MojoExecutor.execute(MojoExecutor.java:207)
	at org.apache.maven.lifecycle.internal.MojoExecutor.execute(MojoExecutor.java:153)
	at org.apache.maven.lifecycle.internal.MojoExecutor.execute(MojoExecutor.java:145)
	at org.apache.maven.lifecycle.internal.LifecycleModuleBuilder.buildProject(LifecycleModuleBuilder.java:116)
	at org.apache.maven.lifecycle.internal.LifecycleModuleBuilder.buildProject(LifecycleModuleBuilder.java:80)
	at org.apache.maven.lifecycle.internal.builder.singlethreaded.SingleThreadedBuilder.build(SingleThreadedBuilder.java:51)
	at org.apache.maven.lifecycle.internal.LifecycleStarter.execute(LifecycleStarter.java:128)
	at org.apache.maven.DefaultMaven.doExecute(DefaultMaven.java:307)
	at org.apache.maven.DefaultMaven.doExecute(DefaultMaven.java:193)
	at org.apache.maven.DefaultMaven.execute(DefaultMaven.java:106)
	at org.apache.maven.cli.MavenCli.execute(MavenCli.java:863)
	at org.apache.maven.cli.MavenCli.doMain(MavenCli.java:288)
	at org.apache.maven.cli.MavenCli.main(MavenCli.java:199)
	at java.base/jdk.internal.reflect.NativeMethodAccessorImpl.invoke0(Native Method)
	at java.base/jdk.internal.reflect.NativeMethodAccessorImpl.invoke(NativeMethodAccessorImpl.java:62)
	at java.base/jdk.internal.reflect.DelegatingMethodAccessorImpl.invoke(DelegatingMethodAccessorImpl.java:43)
	at java.base/java.lang.reflect.Method.invoke(Method.java:564)
	at org.codehaus.plexus.classworlds.launcher.Launcher.launchEnhanced(Launcher.java:289)
	at org.codehaus.plexus.classworlds.launcher.Launcher.launch(Launcher.java:229)
	at org.codehaus.plexus.classworlds.launcher.Launcher.mainWithExitCode(Launcher.java:415)
	at org.codehaus.plexus.classworlds.launcher.Launcher.main(Launcher.java:356)
	at org.codehaus.classworlds.Launcher.main(Launcher.java:47)
]]>
            </full-stacktrace>
          </exception> <!-- java.lang.AssertionError -->
          <reporter-output>
          </reporter-output>
        </test-method> <!-- checkForFileContentUsingDiff -->
        <test-method signature="comparePDFImageModeDiff()[pri:8, instance:com.testautomationguru.utility.PDFUtilTest@7126e26]" started-at="2018-08-24T13:20:01Z" name="comparePDFImageModeDiff" finished-at="2018-08-24T13:20:01Z" duration-ms="8" status="FAIL">
          <exception class="java.lang.AssertionError">
            <message>
              <![CDATA[expected [true] but found [false]]]>
            </message>
            <full-stacktrace>
              <![CDATA[java.lang.AssertionError: expected [true] but found [false]
	at org.testng.Assert.fail(Assert.java:94)
	at org.testng.Assert.failNotEquals(Assert.java:513)
	at org.testng.Assert.assertTrue(Assert.java:42)
	at org.testng.Assert.assertTrue(Assert.java:52)
	at com.testautomationguru.utility.PDFUtilTest.comparePDFImageModeDiff(PDFUtilTest.java:88)
	at java.base/jdk.internal.reflect.NativeMethodAccessorImpl.invoke0(Native Method)
	at java.base/jdk.internal.reflect.NativeMethodAccessorImpl.invoke(NativeMethodAccessorImpl.java:62)
	at java.base/jdk.internal.reflect.DelegatingMethodAccessorImpl.invoke(DelegatingMethodAccessorImpl.java:43)
	at java.base/java.lang.reflect.Method.invoke(Method.java:564)
	at org.testng.internal.MethodInvocationHelper.invokeMethod(MethodInvocationHelper.java:104)
	at org.testng.internal.Invoker.invokeMethod(Invoker.java:645)
	at org.testng.internal.Invoker.invokeTestMethod(Invoker.java:851)
	at org.testng.internal.Invoker.invokeTestMethods(Invoker.java:1177)
	at org.testng.internal.TestMethodWorker.invokeTestMethods(TestMethodWorker.java:129)
	at org.testng.internal.TestMethodWorker.run(TestMethodWorker.java:112)
	at org.testng.TestRunner.privateRun(TestRunner.java:756)
	at org.testng.TestRunner.run(TestRunner.java:610)
	at org.testng.SuiteRunner.runTest(SuiteRunner.java:387)
	at org.testng.SuiteRunner.runSequentially(SuiteRunner.java:382)
	at org.testng.SuiteRunner.privateRun(SuiteRunner.java:340)
	at org.testng.SuiteRunner.run(SuiteRunner.java:289)
	at org.testng.SuiteRunnerWorker.runSuite(SuiteRunnerWorker.java:52)
	at org.testng.SuiteRunnerWorker.run(SuiteRunnerWorker.java:86)
	at org.testng.TestNG.runSuitesSequentially(TestNG.java:1293)
	at org.testng.TestNG.runSuitesLocally(TestNG.java:1218)
	at org.testng.TestNG.runSuites(TestNG.java:1133)
	at org.testng.TestNG.run(TestNG.java:1104)
	at org.apache.maven.surefire.testng.TestNGExecutor.run(TestNGExecutor.java:295)
	at org.apache.maven.surefire.testng.TestNGXmlTestSuite.execute(TestNGXmlTestSuite.java:84)
	at org.apache.maven.surefire.testng.TestNGProvider.invoke(TestNGProvider.java:90)
	at java.base/jdk.internal.reflect.NativeMethodAccessorImpl.invoke0(Native Method)
	at java.base/jdk.internal.reflect.NativeMethodAccessorImpl.invoke(NativeMethodAccessorImpl.java:62)
	at java.base/jdk.internal.reflect.DelegatingMethodAccessorImpl.invoke(DelegatingMethodAccessorImpl.java:43)
	at java.base/java.lang.reflect.Method.invoke(Method.java:564)
	at org.apache.maven.surefire.util.ReflectionUtils.invokeMethodWithArray2(ReflectionUtils.java:208)
	at org.apache.maven.surefire.booter.ProviderFactory$ProviderProxy.invoke(ProviderFactory.java:155)
	at org.apache.maven.surefire.booter.ProviderFactory.invokeProvider(ProviderFactory.java:81)
	at org.apache.maven.plugin.surefire.InPluginVMSurefireStarter.runSuitesInProcess(InPluginVMSurefireStarter.java:82)
	at org.apache.maven.plugin.surefire.AbstractSurefireMojo.executeProvider(AbstractSurefireMojo.java:974)
	at org.apache.maven.plugin.surefire.AbstractSurefireMojo.executeAfterPreconditionsChecked(AbstractSurefireMojo.java:824)
	at org.apache.maven.plugin.surefire.AbstractSurefireMojo.execute(AbstractSurefireMojo.java:722)
	at org.apache.maven.plugin.DefaultBuildPluginManager.executeMojo(DefaultBuildPluginManager.java:134)
	at org.apache.maven.lifecycle.internal.MojoExecutor.execute(MojoExecutor.java:207)
	at org.apache.maven.lifecycle.internal.MojoExecutor.execute(MojoExecutor.java:153)
	at org.apache.maven.lifecycle.internal.MojoExecutor.execute(MojoExecutor.java:145)
	at org.apache.maven.lifecycle.internal.LifecycleModuleBuilder.buildProject(LifecycleModuleBuilder.java:116)
	at org.apache.maven.lifecycle.internal.LifecycleModuleBuilder.buildProject(LifecycleModuleBuilder.java:80)
	at org.apache.maven.lifecycle.internal.builder.singlethreaded.SingleThreadedBuilder.build(SingleThreadedBuilder.java:51)
	at org.apache.maven.lifecycle.internal.LifecycleStarter.execute(LifecycleStarter.java:128)
	at org.apache.maven.DefaultMaven.doExecute(DefaultMaven.java:307)
	at org.apache.maven.DefaultMaven.doExecute(DefaultMaven.java:193)
	at org.apache.maven.DefaultMaven.execute(DefaultMaven.java:106)
	at org.apache.maven.cli.MavenCli.execute(MavenCli.java:863)
	at org.apache.maven.cli.MavenCli.doMain(MavenCli.java:288)
	at org.apache.maven.cli.MavenCli.main(MavenCli.java:199)
	at java.base/jdk.internal.reflect.NativeMethodAccessorImpl.invoke0(Native Method)
	at java.base/jdk.internal.reflect.NativeMethodAccessorImpl.invoke(NativeMethodAccessorImpl.java:62)
	at java.base/jdk.internal.reflect.DelegatingMethodAccessorImpl.invoke(DelegatingMethodAccessorImpl.java:43)
	at java.base/java.lang.reflect.Method.invoke(Method.java:564)
	at org.codehaus.plexus.classworlds.launcher.Launcher.launchEnhanced(Launcher.java:289)
	at org.codehaus.plexus.classworlds.launcher.Launcher.launch(Launcher.java:229)
	at org.codehaus.plexus.classworlds.launcher.Launcher.mainWithExitCode(Launcher.java:415)
	at org.codehaus.plexus.classworlds.launcher.Launcher.main(Launcher.java:356)
	at org.codehaus.classworlds.Launcher.main(Launcher.java:47)
]]>
            </full-stacktrace>
          </exception> <!-- java.lang.AssertionError -->
          <reporter-output>
          </reporter-output>
        </test-method> <!-- comparePDFImageModeDiff -->
        <test-method signature="comparePDFImageModeSame()[pri:9, instance:com.testautomationguru.utility.PDFUtilTest@7126e26]" started-at="2018-08-24T13:20:01Z" name="comparePDFImageModeSame" finished-at="2018-08-24T13:20:01Z" duration-ms="8" status="PASS">
          <reporter-output>
          </reporter-output>
        </test-method> <!-- comparePDFImageModeSame -->
        <test-method signature="comparePDFImageModeDiffSpecificPage()[pri:10, instance:com.testautomationguru.utility.PDFUtilTest@7126e26]" started-at="2018-08-24T13:20:01Z" name="comparePDFImageModeDiffSpecificPage" finished-at="2018-08-24T13:20:01Z" duration-ms="7" status="FAIL">
          <exception class="java.lang.AssertionError">
            <message>
              <![CDATA[expected [true] but found [false]]]>
            </message>
            <full-stacktrace>
              <![CDATA[java.lang.AssertionError: expected [true] but found [false]
	at org.testng.Assert.fail(Assert.java:94)
	at org.testng.Assert.failNotEquals(Assert.java:513)
	at org.testng.Assert.assertTrue(Assert.java:42)
	at org.testng.Assert.assertTrue(Assert.java:52)
	at com.testautomationguru.utility.PDFUtilTest.comparePDFImageModeDiffSpecificPage(PDFUtilTest.java:106)
	at java.base/jdk.internal.reflect.NativeMethodAccessorImpl.invoke0(Native Method)
	at java.base/jdk.internal.reflect.NativeMethodAccessorImpl.invoke(NativeMethodAccessorImpl.java:62)
	at java.base/jdk.internal.reflect.DelegatingMethodAccessorImpl.invoke(DelegatingMethodAccessorImpl.java:43)
	at java.base/java.lang.reflect.Method.invoke(Method.java:564)
	at org.testng.internal.MethodInvocationHelper.invokeMethod(MethodInvocationHelper.java:104)
	at org.testng.internal.Invoker.invokeMethod(Invoker.java:645)
	at org.testng.internal.Invoker.invokeTestMethod(Invoker.java:851)
	at org.testng.internal.Invoker.invokeTestMethods(Invoker.java:1177)
	at org.testng.internal.TestMethodWorker.invokeTestMethods(TestMethodWorker.java:129)
	at org.testng.internal.TestMethodWorker.run(TestMethodWorker.java:112)
	at org.testng.TestRunner.privateRun(TestRunner.java:756)
	at org.testng.TestRunner.run(TestRunner.java:610)
	at org.testng.SuiteRunner.runTest(SuiteRunner.java:387)
	at org.testng.SuiteRunner.runSequentially(SuiteRunner.java:382)
	at org.testng.SuiteRunner.privateRun(SuiteRunner.java:340)
	at org.testng.SuiteRunner.run(SuiteRunner.java:289)
	at org.testng.SuiteRunnerWorker.runSuite(SuiteRunnerWorker.java:52)
	at org.testng.SuiteRunnerWorker.run(SuiteRunnerWorker.java:86)
	at org.testng.TestNG.runSuitesSequentially(TestNG.java:1293)
	at org.testng.TestNG.runSuitesLocally(TestNG.java:1218)
	at org.testng.TestNG.runSuites(TestNG.java:1133)
	at org.testng.TestNG.run(TestNG.java:1104)
	at org.apache.maven.surefire.testng.TestNGExecutor.run(TestNGExecutor.java:295)
	at org.apache.maven.surefire.testng.TestNGXmlTestSuite.execute(TestNGXmlTestSuite.java:84)
	at org.apache.maven.surefire.testng.TestNGProvider.invoke(TestNGProvider.java:90)
	at java.base/jdk.internal.reflect.NativeMethodAccessorImpl.invoke0(Native Method)
	at java.base/jdk.internal.reflect.NativeMethodAccessorImpl.invoke(NativeMethodAccessorImpl.java:62)
	at java.base/jdk.internal.reflect.DelegatingMethodAccessorImpl.invoke(DelegatingMethodAccessorImpl.java:43)
	at java.base/java.lang.reflect.Method.invoke(Method.java:564)
	at org.apache.maven.surefire.util.ReflectionUtils.invokeMethodWithArray2(ReflectionUtils.java:208)
	at org.apache.maven.surefire.booter.ProviderFactory$ProviderProxy.invoke(ProviderFactory.java:155)
	at org.apache.maven.surefire.booter.ProviderFactory.invokeProvider(ProviderFactory.java:81)
	at org.apache.maven.plugin.surefire.InPluginVMSurefireStarter.runSuitesInProcess(InPluginVMSurefireStarter.java:82)
	at org.apache.maven.plugin.surefire.AbstractSurefireMojo.executeProvider(AbstractSurefireMojo.java:974)
	at org.apache.maven.plugin.surefire.AbstractSurefireMojo.executeAfterPreconditionsChecked(AbstractSurefireMojo.java:824)
	at org.apache.maven.plugin.surefire.AbstractSurefireMojo.execute(AbstractSurefireMojo.java:722)
	at org.apache.maven.plugin.DefaultBuildPluginManager.executeMojo(DefaultBuildPluginManager.java:134)
	at org.apache.maven.lifecycle.internal.MojoExecutor.execute(MojoExecutor.java:207)
	at org.apache.maven.lifecycle.internal.MojoExecutor.execute(MojoExecutor.java:153)
	at org.apache.maven.lifecycle.internal.MojoExecutor.execute(MojoExecutor.java:145)
	at org.apache.maven.lifecycle.internal.LifecycleModuleBuilder.buildProject(LifecycleModuleBuilder.java:116)
	at org.apache.maven.lifecycle.internal.LifecycleModuleBuilder.buildProject(LifecycleModuleBuilder.java:80)
	at org.apache.maven.lifecycle.internal.builder.singlethreaded.SingleThreadedBuilder.build(SingleThreadedBuilder.java:51)
	at org.apache.maven.lifecycle.internal.LifecycleStarter.execute(LifecycleStarter.java:128)
	at org.apache.maven.DefaultMaven.doExecute(DefaultMaven.java:307)
	at org.apache.maven.DefaultMaven.doExecute(DefaultMaven.java:193)
	at org.apache.maven.DefaultMaven.execute(DefaultMaven.java:106)
	at org.apache.maven.cli.MavenCli.execute(MavenCli.java:863)
	at org.apache.maven.cli.MavenCli.doMain(MavenCli.java:288)
	at org.apache.maven.cli.MavenCli.main(MavenCli.java:199)
	at java.base/jdk.internal.reflect.NativeMethodAccessorImpl.invoke0(Native Method)
	at java.base/jdk.internal.reflect.NativeMethodAccessorImpl.invoke(NativeMethodAccessorImpl.java:62)
	at java.base/jdk.internal.reflect.DelegatingMethodAccessorImpl.invoke(DelegatingMethodAccessorImpl.java:43)
	at java.base/java.lang.reflect.Method.invoke(Method.java:564)
	at org.codehaus.plexus.classworlds.launcher.Launcher.launchEnhanced(Launcher.java:289)
	at org.codehaus.plexus.classworlds.launcher.Launcher.launch(Launcher.java:229)
	at org.codehaus.plexus.classworlds.launcher.Launcher.mainWithExitCode(Launcher.java:415)
	at org.codehaus.plexus.classworlds.launcher.Launcher.main(Launcher.java:356)
	at org.codehaus.classworlds.Launcher.main(Launcher.java:47)
]]>
            </full-stacktrace>
          </exception> <!-- java.lang.AssertionError -->
          <reporter-output>
          </reporter-output>
        </test-method> <!-- comparePDFImageModeDiffSpecificPage -->
        <test-method signature="comparePDFImageModeSameSpecificPage()[pri:10, instance:com.testautomationguru.utility.PDFUtilTest@7126e26]" started-at="2018-08-24T13:20:01Z" name="comparePDFImageModeSameSpecificPage" finished-at="2018-08-24T13:20:01Z" duration-ms="9" status="PASS">
          <reporter-output>
          </reporter-output>
        </test-method> <!-- comparePDFImageModeSameSpecificPage -->
      </class> <!-- com.testautomationguru.utility.PDFUtilTest -->
    </test> <!-- Nopackage -->
  </suite> <!-- Suite1 -->
</testng-results>
